----------------------Delay Entries----------------------------------
51455000
151824000
155660000
156690000
157349000
157472000
157826000
157867000
157915000
158178000
158383000
158435000
158506000
158552000
158556000
158775000
158793000
158920000
159162000
159241000
159258000
159318000
159652000
159669000
159721000
159788000
159912000
159938000
160160000
160507000
160652000
160657000
160671000
160689000
160792000
161614000
161650000
161934000
162735000
163002000
163773000
164325000
164347000
164680000
165802000
166778000
253599000
255320000
256761000
256827000
257310000
257409000
257816000
258578000
258591000
258668000
258725000
258725000
258754000
258785000
258810000
259093000
259481000
259534000
259574000
259814000
260087000
260195000
260764000
260974000
261202000
261341000
261614000
261773000
262322000
262669000
262795000
262872000
263787000
----------------------Jitter Entries---------------------------------
0
0
0
0
0
0
0
0
0
0
0
0
0
0
0
0
0
0
0
0
0
10000
397000
496000
772000
785000
862000
919000
919000
948000
979000
979000
1004000
1045000
1287000
1675000
1728000
1768000
2008000
2281000
2389000
2486000
2958000
3168000
3396000
3535000
3808000
3967000
4207000
4516000
4863000
4989000
5066000
5981000
91028000
92004000
93126000
93459000
93481000
94033000
94804000
95071000
95872000
96156000
96192000
97014000
97117000
97135000
97149000
97154000
97299000
97646000
97868000
97894000
98018000
98085000
98137000
98154000
98488000
----------------------Final Statistics--------------------------------
median  delay  = 257806000 
average jitter = 59287139 
Num outliers = 21 
ENTER WINDOW

MISSED WINDOW

