----------------------Delay Entries----------------------------------
57938000
58135000
58568000
59021000
59545000
59574000
59580000
59666000
59951000
59962000
59983000
60004000
60056000
60378000
60525000
60539000
60598000
61087000
61447000
61523000
61540000
61600000
61618000
61628000
61685000
61958000
62021000
62021000
62029000
62127000
62172000
62525000
62535000
62535000
62559000
62567000
62567000
62581000
62582000
62639000
62673000
62834000
63003000
63009000
63017000
63045000
63437000
63492000
63559000
63562000
63628000
64074000
64081000
64129000
64373000
64442000
64558000
64586000
64602000
64602000
64613000
64634000
64636000
64638000
64660000
64676000
65015000
65024000
65036000
65087000
65107000
65152000
65445000
65448000
65473000
65495000
65556000
65602000
65611000
65626000
65641000
65989000
66068000
66567000
66576000
66597000
66629000
66710000
66987000
67044000
67087000
67545000
67592000
67625000
67685000
68092000
68581000
68606000
69493000
83125000
----------------------Jitter Entries---------------------------------
33000
33000
36000
103000
158000
479000
486000
534000
550000
578000
586000
592000
761000
778000
847000
922000
956000
963000
991000
1007000
1007000
1013000
1014000
1018000
1028000
1028000
1036000
1039000
1041000
1043000
1060000
1060000
1065000
1070000
1081000
1420000
1423000
1429000
1441000
1468000
1492000
1512000
1557000
1566000
1574000
1574000
1637000
1850000
1853000
1878000
1900000
1910000
1961000
1967000
1977000
1995000
2007000
2016000
2031000
2046000
2055000
2072000
2148000
2394000
2473000
2508000
2972000
2981000
2997000
3002000
3034000
3056000
3070000
3115000
3217000
3392000
3449000
3492000
3539000
3591000
3612000
3633000
3644000
3929000
3950000
3997000
4015000
4021000
4030000
4050000
4090000
4497000
4574000
4986000
5011000
5027000
5460000
5657000
5898000
19530000
----------------------Final Statistics--------------------------------
median  delay  = 63595000 
average jitter = 2326480 
Num outliers = 0 
