----------------------Delay Entries----------------------------------
34694000
34760000
35628000
35720000
35742000
36752000
36756000
37507000
37581000
37608000
37713000
37777000
37778000
38303000
38514000
38702000
38725000
38754000
38754000
38756000
38757000
38757000
38760000
38772000
39397000
39658000
39696000
39708000
39712000
39720000
39720000
39725000
39730000
39741000
39743000
39769000
39783000
40516000
40647000
40714000
40721000
40753000
40756000
40760000
40772000
40776000
41618000
41651000
41696000
41718000
41737000
41743000
41744000
41746000
41748000
41748000
41753000
41766000
41838000
42519000
42589000
42697000
42702000
42732000
42757000
42767000
43658000
43713000
43751000
43759000
43761000
44688000
44701000
45618000
54769000
56723000
56754000
56767000
57649000
57720000
57737000
57753000
57753000
57764000
57783000
58661000
58733000
58751000
58752000
59401000
59687000
60699000
60707000
61739000
61739000
61747000
61747000
62763000
63263000
114040000
----------------------Jitter Entries---------------------------------
280500
352500
365500
370500
370500
372500
374500
375500
381500
400500
400500
422500
467500
470500
500500
578500
583500
613500
638500
648500
1342500
1346500
1358500
1362500
1365500
1397500
1404500
1471500
1539500
1594500
1602500
1632500
1640500
1642500
2335500
2349500
2375500
2377500
2388500
2393500
2398500
2398500
2406500
2410500
2422500
2460500
2569500
2582500
2721500
3346500
3358500
3361500
3361500
3362500
3364500
3364500
3393500
3416500
3499500
3604500
3815500
4340500
4341500
4405500
4510500
4537500
4611500
5362500
5366500
6376500
6398500
6490500
7358500
7424500
12650500
14604500
14635500
14648500
15530500
15601500
15618500
15634500
15634500
15645500
15664500
16542500
16614500
16632500
16633500
17282500
17568500
18580500
18588500
19620500
19620500
19628500
19628500
20644500
21144500
71921500
----------------------Final Statistics--------------------------------
median  delay  = 42118500 
average jitter = 6755530 
Num outliers = 0 
ENTER WINDOW

Success: Response within acceptance window

