----------------------Delay Entries----------------------------------
62118000
156791000
157791000
157832000
158621000
158699000
158731000
158734000
158774000
158802000
159727000
159746000
159759000
159805000
160701000
160710000
160717000
160721000
160746000
160762000
160768000
160776000
160784000
160786000
160792000
160811000
160830000
161751000
161758000
161763000
161791000
161791000
161908000
162656000
162711000
162753000
162772000
164092000
164694000
164696000
164740000
164804000
165806000
256586000
257339000
257704000
257746000
258684000
258712000
258717000
258736000
258779000
259546000
259600000
259657000
259687000
259695000
259719000
259724000
259728000
259906000
260536000
260717000
260723000
260739000
260759000
260768000
260773000
261374000
261644000
261711000
261712000
261715000
261735000
261741000
263735000
264643000
264654000
266727000
----------------------Jitter Entries---------------------------------
0
0
0
0
0
0
0
0
0
0
0
0
0
0
0
0
0
0
0
0
0
323500
377500
434500
443500
464500
472500
486500
496500
501500
505500
505500
510500
538500
683500
1313500
1476500
1494500
1500500
1516500
1518500
1536500
1545500
1550500
1883500
2151500
2421500
2488500
2489500
2492500
2512500
2518500
2636500
4512500
5420500
5431500
7504500
93416500
94418500
94482500
94526500
94528500
95130500
96450500
96469500
96511500
96566500
97314500
97431500
97431500
97459500
97464500
97471500
98392500
98411500
98430500
98436500
98438500
98446500
----------------------Final Statistics--------------------------------
median  delay  = 259222500 
average jitter = 55505158 
Num outliers = 21 
ENTER WINDOW

MISSED WINDOW

